2024-12-20 04:03:01,293 [INFO] Activator:176 - 


2024-12-20 04:03:01,294 [INFO] Activator:177 - !SESSION log4j initialized
2024-12-20 04:03:04,830 [INFO] LogOutputStream:77 - [STDOUT_REDIRECT] 
2024-12-20 04:03:12,777 [INFO] ApplicationProperties:184 - Using Application install path: /opt/st/stm32cubeide_1.16.0/plugins/com.st.stm32cube.common.mx_6.12.0.202406281431
2024-12-20 04:03:12,793 [INFO] DbMcusXml:78 - Set database path to: /opt/st/stm32cubeide_1.16.0/plugins/com.st.stm32cube.common.mx_6.12.0.202406281431//db//mcu/
2024-12-20 04:03:12,793 [INFO] ApiDb:274 - Set plugin database path to: /opt/st/stm32cubeide_1.16.0/plugins/com.st.stm32cube.common.mx_6.12.0.202406281431//db//plugins/boardmanager/
2024-12-20 04:03:12,793 [WARN] ApiDb:259 - Overriding images path with different value:  => /opt/st/stm32cubeide_1.16.0/plugins/com.st.stm32cube.common.mx_6.12.0.202406281431//db//plugins/mcufinder/images/
2024-12-20 04:03:12,800 [INFO] ApiDb:250 - Set database path to: /home/omen/.stmcufinder/plugins/mcufinder//mcu/
2024-12-20 04:03:12,802 [INFO] DbMcusAds:125 - Set database path to: /home/omen/.stmcufinder/plugins/mcufinder//mcu/
2024-12-20 04:03:12,804 [INFO] CrossReferenceDbSqlite:203 - Set database path to: /home/omen/.stmcufinder/plugins/mcufinder//mcu/cs/
2024-12-20 04:03:12,897 [INFO] RulesReader:64 - Compatibility file has been processed (297 Rules)
2024-12-20 04:03:12,949 [INFO] DbMcusXml:78 - Set database path to: /opt/st/stm32cubeide_1.16.0/plugins/com.st.stm32cube.common.mx_6.12.0.202406281431//db//mcu/
2024-12-20 04:03:12,949 [INFO] ApiDb:274 - Set plugin database path to: /opt/st/stm32cubeide_1.16.0/plugins/com.st.stm32cube.common.mx_6.12.0.202406281431//db//plugins/boardmanager/
2024-12-20 04:03:12,949 [INFO] ApiDb:261 - Set plugin images path to: /opt/st/stm32cubeide_1.16.0/plugins/com.st.stm32cube.common.mx_6.12.0.202406281431//db//plugins/mcufinder/images/
2024-12-20 04:03:12,949 [WARN] DbFile:41 - Overriding database path with different value: /home/omen/.stmcufinder/plugins/mcufinder/ => /home/omen/.stmcufinder/plugins/mcufinder
2024-12-20 04:03:12,949 [INFO] ApiDb:250 - Set database path to: /home/omen/.stmcufinder/plugins/mcufinder//mcu/
2024-12-20 04:03:12,950 [WARN] DbFile:41 - Overriding database path with different value: /home/omen/.stmcufinder/plugins/mcufinder/ => /home/omen/.stmcufinder/plugins/mcufinder
2024-12-20 04:03:12,950 [INFO] DbMcusAds:125 - Set database path to: /home/omen/.stmcufinder/plugins/mcufinder//mcu/
2024-12-20 04:03:12,950 [WARN] DbFile:41 - Overriding database path with different value: /home/omen/.stmcufinder/plugins/mcufinder/ => /home/omen/.stmcufinder/plugins/mcufinder
2024-12-20 04:03:12,950 [WARN] DbFile:41 - Overriding database path with different value: /home/omen/.stmcufinder/plugins/mcufinder/ => /home/omen/.stmcufinder/plugins/mcufinder
2024-12-20 04:03:12,950 [INFO] CrossReferenceDbSqlite:203 - Set database path to: /home/omen/.stmcufinder/plugins/mcufinder//mcu/cs/
2024-12-20 04:03:13,014 [INFO] MainPanel:268 - HeapMemory: 268435456
2024-12-20 04:03:13,130 [INFO] DbMcusXml:78 - Set database path to: /opt/st/stm32cubeide_1.16.0/plugins/com.st.stm32cube.common.mx_6.12.0.202406281431//db//mcu/
2024-12-20 04:03:13,131 [INFO] ApiDb:274 - Set plugin database path to: /opt/st/stm32cubeide_1.16.0/plugins/com.st.stm32cube.common.mx_6.12.0.202406281431//db//plugins/boardmanager/
2024-12-20 04:03:13,131 [INFO] ApiDb:261 - Set plugin images path to: /opt/st/stm32cubeide_1.16.0/plugins/com.st.stm32cube.common.mx_6.12.0.202406281431//db//plugins/mcufinder/images/
2024-12-20 04:03:13,131 [WARN] DbFile:41 - Overriding database path with different value: /home/omen/.stmcufinder/plugins/mcufinder/ => /home/omen/.stmcufinder/plugins/mcufinder
2024-12-20 04:03:13,131 [INFO] ApiDb:250 - Set database path to: /home/omen/.stmcufinder/plugins/mcufinder//mcu/
2024-12-20 04:03:13,131 [WARN] DbFile:41 - Overriding database path with different value: /home/omen/.stmcufinder/plugins/mcufinder/ => /home/omen/.stmcufinder/plugins/mcufinder
2024-12-20 04:03:13,131 [INFO] DbMcusAds:125 - Set database path to: /home/omen/.stmcufinder/plugins/mcufinder//mcu/
2024-12-20 04:03:13,131 [WARN] DbFile:41 - Overriding database path with different value: /home/omen/.stmcufinder/plugins/mcufinder/ => /home/omen/.stmcufinder/plugins/mcufinder
2024-12-20 04:03:13,131 [WARN] DbFile:41 - Overriding database path with different value: /home/omen/.stmcufinder/plugins/mcufinder/ => /home/omen/.stmcufinder/plugins/mcufinder
2024-12-20 04:03:13,131 [INFO] CrossReferenceDbSqlite:203 - Set database path to: /home/omen/.stmcufinder/plugins/mcufinder//mcu/cs/
2024-12-20 04:03:13,146 [INFO] ApplicationProperties:184 - Using Application install path: /opt/st/stm32cubeide_1.16.0/plugins/com.st.stm32cube.common.mx_6.12.0.202406281431
2024-12-20 04:03:13,147 [INFO] PluginManage:196 - Search for loadable plugins [exclusion list=, ]
2024-12-20 04:03:13,148 [INFO] PluginManage:310 - Check plugin analytics
2024-12-20 04:03:13,284 [INFO] AnalyticsPlugin:253 - Accepted Software Licenses: STM32CubeMX.6.4.0,STM32CubeMX.6.2.0,STM32CubeMX.6.12.1,STM32CubeMX.6.5.0
2024-12-20 04:03:13,284 [INFO] AnalyticsPlugin:255 - Accepted CMSIS Pack Licenses: 
2024-12-20 04:03:13,284 [INFO] AnalyticsPlugin:257 - Accepted Firmware Licenses: FW.WB.1.20.0
2024-12-20 04:03:13,286 [INFO] PluginManage:359 - Loaded plugin analytics (category:tool,tabindex:-1)
2024-12-20 04:03:13,287 [INFO] PluginManage:310 - Check plugin cadmodel
2024-12-20 04:03:13,294 [INFO] CADModel:105 - Init CAD model plugin
2024-12-20 04:03:13,295 [INFO] PluginManage:359 - Loaded plugin cadmodel (category:power,tabindex:5)
2024-12-20 04:03:13,295 [INFO] PluginManage:310 - Check plugin clock
2024-12-20 04:03:13,304 [INFO] PluginManage:359 - Loaded plugin clock (category:base,tabindex:2)
2024-12-20 04:03:13,304 [INFO] PluginManage:310 - Check plugin ddr
2024-12-20 04:03:13,306 [INFO] PluginManage:359 - Loaded plugin ddr (category:tool,tabindex:6)
2024-12-20 04:03:13,306 [INFO] PluginManage:310 - Check plugin filemanager
2024-12-20 04:03:13,449 [INFO] PluginManage:359 - Loaded plugin filemanager (category:base,tabindex:10)
2024-12-20 04:03:13,449 [INFO] PluginManage:310 - Check plugin ipmanager
2024-12-20 04:03:13,454 [INFO] PluginManage:359 - Loaded plugin ipmanager (category:base,tabindex:5)
2024-12-20 04:03:13,454 [INFO] PluginManage:310 - Check plugin lpbam
2024-12-20 04:03:13,461 [INFO] PluginManage:359 - Loaded plugin lpbam (category:base,tabindex:0)
2024-12-20 04:03:13,461 [INFO] PluginManage:310 - Check plugin memorymap
2024-12-20 04:03:13,470 [INFO] PluginManage:359 - Loaded plugin memorymap (category:base,tabindex:4)
2024-12-20 04:03:13,470 [INFO] PluginManage:310 - Check plugin pinoutandconfiguration
2024-12-20 04:03:13,478 [INFO] PluginManage:359 - Loaded plugin pinoutandconfiguration (category:base,tabindex:1)
2024-12-20 04:03:13,478 [INFO] PluginManage:310 - Check plugin pinoutconfig
2024-12-20 04:03:13,559 [WARN] SupportedApi:132 - Cannot load RTOS API schema: s4s-elt-must-match.1: The content of 'definitions' must match (annotation?, (simpleType | complexType)?, (unique | key | keyref)*)). A problem was found starting at: attribute.
2024-12-20 04:03:13,672 [INFO] PluginManage:359 - Loaded plugin pinoutconfig (category:base,tabindex:0)
2024-12-20 04:03:13,672 [INFO] PluginManage:310 - Check plugin power
2024-12-20 04:03:13,680 [INFO] PluginManage:359 - Loaded plugin power (category:power,tabindex:4)
2024-12-20 04:03:13,681 [INFO] PluginManage:310 - Check plugin projectmanager
2024-12-20 04:03:13,694 [INFO] PluginManage:359 - Loaded plugin projectmanager (category:projectmanager,tabindex:4)
2024-12-20 04:03:13,694 [INFO] PluginManage:310 - Check plugin rif
2024-12-20 04:03:13,699 [INFO] PluginManage:359 - Loaded plugin rif (category:base,tabindex:3)
2024-12-20 04:03:13,699 [INFO] PluginManage:310 - Check plugin thirdparty
2024-12-20 04:03:13,814 [WARN] IntegrityCheckThread:84 - waiting for thirdparty lock release [integrity check]
2024-12-20 04:03:13,814 [INFO] PluginManage:359 - Loaded plugin thirdparty (category:base,tabindex:-1)
2024-12-20 04:03:13,814 [INFO] IntegrityCheckThread:86 - entering critical section [integrity check]
2024-12-20 04:03:13,814 [INFO] PluginManage:310 - Check plugin tools
2024-12-20 04:03:13,814 [INFO] ThirdPartyUpdaterWithRetryManager:70 - Updater plugin not ready yet. [1/15]
2024-12-20 04:03:13,817 [INFO] PluginManage:359 - Loaded plugin tools (category:base,tabindex:7)
2024-12-20 04:03:13,817 [INFO] PluginManage:310 - Check plugin tutovideos
2024-12-20 04:03:13,980 [INFO] PluginManage:359 - Loaded plugin tutovideos (category:base,tabindex:-1)
2024-12-20 04:03:13,981 [INFO] PluginManage:310 - Check plugin updater
2024-12-20 04:03:13,994 [INFO] PluginManage:359 - Loaded plugin updater (category:base,tabindex:12)
2024-12-20 04:03:13,994 [INFO] PluginManage:310 - Check plugin userauth
2024-12-20 04:03:13,998 [INFO] UserAuth:113 - Init User Auth plugin
2024-12-20 04:03:13,999 [INFO] PluginManage:359 - Loaded plugin userauth (category:base,tabindex:14)
2024-12-20 04:03:13,999 [INFO] PluginManage:283 - PluginManage : Loaded plugins [18]
2024-12-20 04:03:14,180 [INFO] PinOutPanel:1561 - setPackage(No Configuration,No Configuration)
2024-12-20 04:03:14,247 [INFO] CADModel:165 - CPN selected for project level
2024-12-20 04:03:14,247 [INFO] CADModel:114 - Register for checkConnection events
2024-12-20 04:03:14,260 [INFO] IPUIPlugin:80 - create IPUIPlugin
2024-12-20 04:03:14,260 [INFO] PluginManager:220 - loadIPPluginJar : add i3c
2024-12-20 04:03:14,262 [INFO] IPUIPlugin:80 - create IPUIPlugin
2024-12-20 04:03:14,263 [INFO] PluginManager:220 - loadIPPluginJar : add spi
2024-12-20 04:03:14,268 [INFO] IPUIPlugin:80 - create IPUIPlugin
2024-12-20 04:03:14,268 [INFO] PluginManager:220 - loadIPPluginJar : add resmgrutility
2024-12-20 04:03:14,270 [INFO] IPUIPlugin:80 - create IPUIPlugin
2024-12-20 04:03:14,270 [INFO] PluginManager:220 - loadIPPluginJar : add dfsdm
2024-12-20 04:03:14,273 [INFO] IPUIPlugin:80 - create IPUIPlugin
2024-12-20 04:03:14,273 [INFO] PluginManager:220 - loadIPPluginJar : add ts
2024-12-20 04:03:14,275 [INFO] IPUIPlugin:80 - create IPUIPlugin
2024-12-20 04:03:14,275 [INFO] PluginManager:220 - loadIPPluginJar : add radio
2024-12-20 04:03:14,276 [INFO] IPUIPlugin:80 - create IPUIPlugin
2024-12-20 04:03:14,276 [INFO] PluginManager:220 - loadIPPluginJar : add fatfs
2024-12-20 04:03:14,278 [INFO] IPUIPlugin:80 - create IPUIPlugin
2024-12-20 04:03:14,278 [INFO] PluginManager:220 - loadIPPluginJar : add extmemmanager
2024-12-20 04:03:14,280 [INFO] IPUIPlugin:80 - create IPUIPlugin
2024-12-20 04:03:14,280 [INFO] PluginManager:220 - loadIPPluginJar : add hash
2024-12-20 04:03:14,284 [INFO] IPUIPlugin:80 - create IPUIPlugin
2024-12-20 04:03:14,284 [INFO] PluginManager:220 - loadIPPluginJar : add fmc
2024-12-20 04:03:14,286 [INFO] IPUIPlugin:80 - create IPUIPlugin
2024-12-20 04:03:14,287 [INFO] PluginManager:220 - loadIPPluginJar : add cryp
2024-12-20 04:03:14,290 [INFO] IPUIPlugin:80 - create IPUIPlugin
2024-12-20 04:03:14,290 [INFO] PluginManager:220 - loadIPPluginJar : add ddr_ctrl_phy
2024-12-20 04:03:14,292 [INFO] IPUIPlugin:80 - create IPUIPlugin
2024-12-20 04:03:14,292 [INFO] PluginManager:220 - loadIPPluginJar : add opamp
2024-12-20 04:03:14,294 [INFO] IPUIPlugin:80 - create IPUIPlugin
2024-12-20 04:03:14,294 [INFO] PluginManager:220 - loadIPPluginJar : add lorawan
2024-12-20 04:03:14,296 [INFO] IPUIPlugin:80 - create IPUIPlugin
2024-12-20 04:03:14,296 [INFO] PluginManager:220 - loadIPPluginJar : add aes
2024-12-20 04:03:14,298 [INFO] IPUIPlugin:80 - create IPUIPlugin
2024-12-20 04:03:14,298 [INFO] PluginManager:220 - loadIPPluginJar : add genericplugin
2024-12-20 04:03:14,305 [INFO] IPUIPlugin:80 - create IPUIPlugin
2024-12-20 04:03:14,307 [INFO] PluginManager:220 - loadIPPluginJar : add plateformsettings
2024-12-20 04:03:14,310 [INFO] IPUIPlugin:80 - create IPUIPlugin
2024-12-20 04:03:14,310 [INFO] PluginManager:220 - loadIPPluginJar : add gfxmmu
2024-12-20 04:03:14,312 [INFO] IPUIPlugin:80 - create IPUIPlugin
2024-12-20 04:03:14,312 [INFO] PluginManager:220 - loadIPPluginJar : add i2s
2024-12-20 04:03:14,314 [INFO] IPUIPlugin:80 - create IPUIPlugin
2024-12-20 04:03:14,314 [INFO] PluginManager:220 - loadIPPluginJar : add can
2024-12-20 04:03:14,316 [INFO] IPUIPlugin:80 - create IPUIPlugin
2024-12-20 04:03:14,316 [INFO] PluginManager:220 - loadIPPluginJar : add tracer_emb
2024-12-20 04:03:14,320 [INFO] IPUIPlugin:80 - create IPUIPlugin
2024-12-20 04:03:14,320 [INFO] PluginManager:220 - loadIPPluginJar : add gpio
2024-12-20 04:03:14,323 [INFO] IPUIPlugin:80 - create IPUIPlugin
2024-12-20 04:03:14,324 [INFO] PluginManager:220 - loadIPPluginJar : add ipddr
2024-12-20 04:03:14,326 [INFO] IPUIPlugin:80 - create IPUIPlugin
2024-12-20 04:03:14,326 [INFO] PluginManager:220 - loadIPPluginJar : add usbx
2024-12-20 04:03:14,329 [INFO] IPUIPlugin:80 - create IPUIPlugin
2024-12-20 04:03:14,329 [INFO] PluginManager:220 - loadIPPluginJar : add sai
2024-12-20 04:03:14,334 [INFO] IPUIPlugin:80 - create IPUIPlugin
2024-12-20 04:03:14,334 [INFO] PluginManager:220 - loadIPPluginJar : add adc
2024-12-20 04:03:14,338 [INFO] IPUIPlugin:80 - create IPUIPlugin
2024-12-20 04:03:14,338 [INFO] PluginManager:220 - loadIPPluginJar : add pdm2pcm
2024-12-20 04:03:14,339 [INFO] IPUIPlugin:80 - create IPUIPlugin
2024-12-20 04:03:14,340 [INFO] PluginManager:220 - loadIPPluginJar : add ucpd
2024-12-20 04:03:14,341 [INFO] IPUIPlugin:80 - create IPUIPlugin
2024-12-20 04:03:14,341 [INFO] PluginManager:220 - loadIPPluginJar : add i2c
2024-12-20 04:03:14,342 [INFO] IPUIPlugin:80 - create IPUIPlugin
2024-12-20 04:03:14,342 [INFO] PluginManager:220 - loadIPPluginJar : add ltdc
2024-12-20 04:03:14,344 [INFO] IPUIPlugin:80 - create IPUIPlugin
2024-12-20 04:03:14,344 [INFO] PluginManager:220 - loadIPPluginJar : add comp
2024-12-20 04:03:14,350 [INFO] IPUIPlugin:80 - create IPUIPlugin
2024-12-20 04:03:14,350 [INFO] PluginManager:220 - loadIPPluginJar : add dma
2024-12-20 04:03:14,352 [INFO] IPUIPlugin:80 - create IPUIPlugin
2024-12-20 04:03:14,352 [INFO] PluginManager:220 - loadIPPluginJar : add gtzc
2024-12-20 04:03:14,355 [INFO] IPUIPlugin:80 - create IPUIPlugin
2024-12-20 04:03:14,355 [INFO] PluginManager:220 - loadIPPluginJar : add nvic
2024-12-20 04:03:14,357 [INFO] IPUIPlugin:80 - create IPUIPlugin
2024-12-20 04:03:14,357 [INFO] PluginManager:220 - loadIPPluginJar : add dma3
2024-12-20 04:03:14,361 [INFO] IPUIPlugin:80 - create IPUIPlugin
2024-12-20 04:03:14,361 [INFO] PluginManager:220 - loadIPPluginJar : add gic
2024-12-20 04:03:14,366 [INFO] IPUIPlugin:80 - create IPUIPlugin
2024-12-20 04:03:14,367 [INFO] PluginManager:220 - loadIPPluginJar : add freertos
2024-12-20 04:03:14,371 [INFO] IPUIPlugin:80 - create IPUIPlugin
2024-12-20 04:03:14,372 [INFO] PluginManager:220 - loadIPPluginJar : add stm32_wpan
2024-12-20 04:03:14,374 [INFO] IPUIPlugin:80 - create IPUIPlugin
2024-12-20 04:03:14,374 [INFO] PluginManager:220 - loadIPPluginJar : add touchsensing
2024-12-20 04:03:14,380 [INFO] IPUIPlugin:80 - create IPUIPlugin
2024-12-20 04:03:14,381 [INFO] PluginManager:220 - loadIPPluginJar : add linkedlist
2024-12-20 04:03:14,382 [INFO] IPUIPlugin:80 - create IPUIPlugin
2024-12-20 04:03:14,382 [INFO] PluginManager:220 - loadIPPluginJar : add quadspi
2024-12-20 04:03:14,387 [INFO] IPUIPlugin:80 - create IPUIPlugin
2024-12-20 04:03:14,387 [INFO] PluginManager:220 - loadIPPluginJar : add mdma
2024-12-20 04:03:14,389 [INFO] IPUIPlugin:80 - create IPUIPlugin
2024-12-20 04:03:14,389 [INFO] PluginManager:220 - loadIPPluginJar : add openamp
2024-12-20 04:03:14,392 [INFO] IPUIPlugin:80 - create IPUIPlugin
2024-12-20 04:03:14,392 [INFO] PluginManager:220 - loadIPPluginJar : add usart
2024-12-20 04:03:14,393 [INFO] IPUIPlugin:80 - create IPUIPlugin
2024-12-20 04:03:14,393 [INFO] PluginManager:220 - loadIPPluginJar : add tsc
2024-12-20 04:03:14,395 [INFO] IPUIPlugin:80 - create IPUIPlugin
2024-12-20 04:03:14,395 [INFO] PluginManager:220 - loadIPPluginJar : add tim
2024-12-20 04:03:14,502 [INFO] CADModel:165 - CPN selected for project level
2024-12-20 04:03:14,502 [INFO] CADModel:114 - Register for checkConnection events
2024-12-20 04:03:14,502 [FATAL] Updater:334 - Updater called before beeing initialized
2024-12-20 04:03:14,503 [ERROR] CADModel:125 - Updater not yet initialized, retry later 
2024-12-20 04:03:14,676 [INFO] CADModel:165 - CPN selected for project level
2024-12-20 04:03:14,677 [INFO] CADModel:114 - Register for checkConnection events
2024-12-20 04:03:14,677 [FATAL] Updater:334 - Updater called before beeing initialized
2024-12-20 04:03:14,677 [ERROR] CADModel:125 - Updater not yet initialized, retry later 
2024-12-20 04:03:14,679 [FATAL] Updater:334 - Updater called before beeing initialized
2024-12-20 04:03:14,757 [FATAL] Updater:334 - Updater called before beeing initialized
2024-12-20 04:03:14,761 [INFO] DbMcusAds:53 - JSON generation date=Tue Dec 17 11:01:15 EST 2024 (1734451275222)
2024-12-20 04:03:14,761 [FATAL] Updater:334 - Updater called before beeing initialized
2024-12-20 04:03:14,800 [WARN] DetailPanel:346 - Failed to get advertising image, set to default
2024-12-20 04:03:14,876 [FATAL] Updater:334 - Updater called before beeing initialized
2024-12-20 04:03:14,878 [FATAL] Updater:334 - Updater called before beeing initialized
2024-12-20 04:03:14,878 [FATAL] Updater:334 - Updater called before beeing initialized
2024-12-20 04:03:14,878 [WARN] DetailPanel:346 - Failed to get advertising image, set to default
2024-12-20 04:03:14,879 [FATAL] Updater:334 - Updater called before beeing initialized
2024-12-20 04:03:14,914 [ERROR] Updater:1164 - MainUpdater not yet initialized. External WinMGr cannot be set.
2024-12-20 04:03:14,917 [INFO] Updater:1100 - Updater Version found : 6.12.0
2024-12-20 04:03:14,936 [INFO] ApplicationProperties:184 - Using Application install path: /opt/st/stm32cubeide_1.16.0/plugins/com.st.stm32cube.common.mx_6.12.0.202406281431
2024-12-20 04:03:14,993 [INFO] MainUpdater:526 - Copy updater definitions from MX database
2024-12-20 04:03:15,275 [INFO] MainUpdater:2873 - connection check result : 10
2024-12-20 04:03:15,275 [INFO] MainUpdater:3567 - Updater definition file requires update
2024-12-20 04:03:15,276 [INFO] MainUpdater:290 - Updater Check For Update Now.
2024-12-20 04:03:15,276 [INFO] MicroXplorer:498 - Change Database Version : DB.6.0.120
2024-12-20 04:03:15,282 [INFO] McuFinderGlobals:63 - Set McuFinder mode to 2 (CubeIDE integrated)
2024-12-20 04:03:15,283 [INFO] UserAuth:417 - Internet connection configuration mode: 1
2024-12-20 04:03:15,297 [INFO] JxBrowserEngine:152 - Initiate JxBrowser Engine with user profile folder
2024-12-20 04:03:15,307 [INFO] ServerAccessManage:473 - Download File updaters.zip
2024-12-20 04:03:15,380 [INFO] FileExtend:240 - Unzip File : updaters.zip
2024-12-20 04:03:15,381 [INFO] FileExtend:255 - Standard Zip Deflate
2024-12-20 04:03:15,575 [INFO] ServerAccessManage:473 - Download File PacksControlFlags.xml
2024-12-20 04:03:15,629 [INFO] ServerAccessManage:473 - Download File cubemx.pidx
2024-12-20 04:03:15,740 [INFO] LoadServerUpdatesThread:375 - End of LoadServerUpdate Thread
2024-12-20 04:03:15,920 [INFO] CheckServerUpdateThread:120 - End of CheckServer Thread
2024-12-20 04:03:16,439 [INFO] WebApp:167 - Instantiating new browser for Auth
2024-12-20 04:03:16,974 [WARN] PackLoader:240 - Cannot read IP mode file for STMicroelectronics.FP-SNS-MOTENVWB1.1.4.0
2024-12-20 04:03:16,982 [WARN] PackLoader:240 - Cannot read IP mode file for STMicroelectronics.FP-ATR-ASTRA1.2.0.1
2024-12-20 04:03:16,988 [WARN] PackLoader:240 - Cannot read IP mode file for STMicroelectronics.X-CUBE-SMBUS.2.1.0
2024-12-20 04:03:16,995 [WARN] PackLoader:240 - Cannot read IP mode file for STMicroelectronics.X-CUBE-WB05N.1.1.0
2024-12-20 04:03:17,030 [WARN] PackLoader:240 - Cannot read IP mode file for STMicroelectronics.X-CUBE-AZRTOS-F7.1.1.0
2024-12-20 04:03:17,116 [WARN] PackLoader:240 - Cannot read IP mode file for STMicroelectronics.X-CUBE-MEMS1.11.0.0
2024-12-20 04:03:17,274 [WARN] PackLoader:240 - Cannot read IP mode file for STMicroelectronics.FP-SNS-FLIGHT1.5.0.2
2024-12-20 04:03:17,282 [WARN] PackLoader:240 - Cannot read IP mode file for STMicroelectronics.X-CUBE-DISPLAY.3.0.0
2024-12-20 04:03:17,289 [WARN] PackLoader:240 - Cannot read IP mode file for STMicroelectronics.X-CUBE-BLE1.7.0.0
2024-12-20 04:03:17,294 [WARN] PackLoader:240 - Cannot read IP mode file for STMicroelectronics.X-CUBE-NFC10.1.0.0
2024-12-20 04:03:17,306 [INFO] WebApp:448 - Apply proxy settings
2024-12-20 04:03:17,307 [INFO] WebApp:533 - Chromium requires no authentication
2024-12-20 04:03:17,311 [WARN] PackLoader:240 - Cannot read IP mode file for STMicroelectronics.X-CUBE-BLEMGR.4.0.0
2024-12-20 04:03:17,317 [INFO] WebApp:476 - Direct internet connection detected
2024-12-20 04:03:17,326 [WARN] PackLoader:240 - Cannot read IP mode file for emotas.I-CUBE-CANOPEN.1.3.0
2024-12-20 04:03:17,340 [WARN] PackLoader:240 - Cannot read IP mode file for STMicroelectronics.X-CUBE-BLEMGR.3.1.0
2024-12-20 04:03:17,347 [WARN] PackLoader:240 - Cannot read IP mode file for STMicroelectronics.FP-SNS-SMARTAG2.1.2.0
2024-12-20 04:03:17,348 [INFO] WebApp:869 - Register for checkConnection events
2024-12-20 04:03:17,349 [INFO] WebApp:448 - Apply proxy settings
2024-12-20 04:03:17,349 [INFO] WebApp:533 - Chromium requires no authentication
2024-12-20 04:03:17,349 [INFO] WebApp:476 - Direct internet connection detected
2024-12-20 04:03:17,409 [WARN] PackLoader:240 - Cannot read IP mode file for STMicroelectronics.X-CUBE-MEMS1.11.1.0
2024-12-20 04:03:17,496 [INFO] WebApp:220 - Starting web application
2024-12-20 04:03:17,497 [INFO] WebApp:578 - Web application path used /opt/st/stm32cubeide_1.16.0/plugins/com.st.stm32cube.common.mx_6.12.0.202406281431/db/plugins/mcufinder/reactClient1/index.html
2024-12-20 04:03:17,586 [INFO] LogOutputStream:77 - [STDOUT_REDIRECT] 1 : Invalid condition id : UX_CORESTACK_Condition cause : null
2024-12-20 04:03:17,587 [INFO] LogOutputStream:77 - [STDOUT_REDIRECT] 1 : Invalid condition id : UX_CORESTACK_Condition cause : null
2024-12-20 04:03:17,589 [INFO] LogOutputStream:77 - [STDOUT_REDIRECT] 1 : Invalid condition id : UX_CORESTACK_Condition cause : null
2024-12-20 04:03:17,590 [INFO] LogOutputStream:77 - [STDOUT_REDIRECT] 1 : Invalid condition id : UX_CORESTACK_Condition cause : null
2024-12-20 04:03:17,591 [INFO] LogOutputStream:77 - [STDOUT_REDIRECT] 1 : Invalid condition id : UX_CORESTACK_Condition cause : null
2024-12-20 04:03:17,595 [WARN] PackLoader:240 - Cannot read IP mode file for STMicroelectronics.X-CUBE-AZRTOS-WL.2.0.0
2024-12-20 04:03:17,604 [WARN] PackLoader:240 - Cannot read IP mode file for STMicroelectronics.FP-SNS-MOTENV1.5.0.0
2024-12-20 04:03:17,610 [WARN] PackLoader:240 - Cannot read IP mode file for wolfSSL.I-CUBE-wolfMQTT.1.19.0
2024-12-20 04:03:17,619 [WARN] PackLoader:240 - Cannot read IP mode file for WES.I-CUBE-Cesium.1.3.0
2024-12-20 04:03:17,624 [WARN] PackLoader:240 - Cannot read IP mode file for STMicroelectronics.X-CUBE-BLE2.3.3.0
2024-12-20 04:03:17,630 [INFO] UserAuth:417 - Internet connection configuration mode: 1
2024-12-20 04:03:17,634 [WARN] PackLoader:240 - Cannot read IP mode file for STMicroelectronics.X-CUBE-NFC9.1.0.0
2024-12-20 04:03:17,646 [WARN] PackLoader:240 - Cannot read IP mode file for STMicroelectronics.X-CUBE-TCPP.4.1.0
2024-12-20 04:03:17,656 [INFO] WebApp:186 - Connection restablished
2024-12-20 04:03:17,678 [WARN] PackLoader:240 - Cannot read IP mode file for STMicroelectronics.X-CUBE-AZRTOS-G0.1.1.0
2024-12-20 04:03:17,691 [WARN] PackLoader:240 - Cannot read IP mode file for STMicroelectronics.X-CUBE-SAFEA1.1.2.2
2024-12-20 04:03:17,703 [WARN] PackLoader:240 - Cannot read IP mode file for STMicroelectronics.X-CUBE-NFC4.3.0.0
2024-12-20 04:03:17,720 [WARN] PackLoader:240 - Cannot read IP mode file for EmbeddedOffice.I-CUBE-FS-RTOS.1.0.1
2024-12-20 04:03:17,720 [ERROR] ConditionMgr:805 - Attr not supported : Dmpu
2024-12-20 04:03:17,721 [ERROR] ConditionMgr:805 - Attr not supported : Dmpu
2024-12-20 04:03:17,721 [ERROR] ConditionMgr:805 - Attr not supported : Dmpu
2024-12-20 04:03:17,721 [ERROR] ConditionMgr:805 - Attr not supported : Dmpu
2024-12-20 04:03:17,721 [ERROR] ConditionMgr:805 - Attr not supported : Dmpu
2024-12-20 04:03:17,721 [ERROR] ConditionMgr:805 - Attr not supported : Dmpu
2024-12-20 04:03:17,721 [ERROR] ConditionMgr:805 - Attr not supported : Dmpu
2024-12-20 04:03:17,721 [ERROR] ConditionMgr:805 - Attr not supported : Dmpu
2024-12-20 04:03:17,721 [ERROR] ConditionMgr:805 - Attr not supported : Dmpu
2024-12-20 04:03:17,721 [ERROR] ConditionMgr:805 - Attr not supported : Dmpu
2024-12-20 04:03:17,721 [ERROR] ConditionMgr:805 - Attr not supported : Dmpu
2024-12-20 04:03:17,721 [ERROR] ConditionMgr:805 - Attr not supported : Dmpu
2024-12-20 04:03:17,721 [ERROR] ConditionMgr:805 - Attr not supported : Dmpu
2024-12-20 04:03:17,722 [ERROR] ConditionMgr:805 - Attr not supported : Dmpu
2024-12-20 04:03:17,722 [ERROR] ConditionMgr:805 - Attr not supported : Dmpu
2024-12-20 04:03:17,722 [ERROR] ConditionMgr:805 - Attr not supported : Dmpu
2024-12-20 04:03:17,722 [ERROR] ConditionMgr:805 - Attr not supported : Dmpu
2024-12-20 04:03:17,722 [ERROR] ConditionMgr:805 - Attr not supported : Dmpu
2024-12-20 04:03:17,722 [ERROR] ConditionMgr:805 - Attr not supported : Dmpu
2024-12-20 04:03:17,722 [ERROR] ConditionMgr:805 - Attr not supported : Dmpu
2024-12-20 04:03:17,722 [ERROR] ConditionMgr:805 - Attr not supported : Dmpu
2024-12-20 04:03:17,722 [ERROR] ConditionMgr:805 - Attr not supported : Dmpu
2024-12-20 04:03:17,722 [ERROR] ConditionMgr:805 - Attr not supported : Dmpu
2024-12-20 04:03:17,722 [ERROR] ConditionMgr:805 - Attr not supported : Dmpu
2024-12-20 04:03:17,722 [ERROR] ConditionMgr:805 - Attr not supported : Dmpu
2024-12-20 04:03:17,722 [ERROR] ConditionMgr:805 - Attr not supported : Dmpu
2024-12-20 04:03:17,723 [ERROR] ConditionMgr:805 - Attr not supported : Dmpu
2024-12-20 04:03:17,723 [ERROR] ConditionMgr:805 - Attr not supported : Dmpu
2024-12-20 04:03:17,723 [ERROR] ConditionMgr:805 - Attr not supported : Dmpu
2024-12-20 04:03:17,723 [ERROR] ConditionMgr:805 - Attr not supported : Dmpu
2024-12-20 04:03:17,723 [ERROR] ConditionMgr:805 - Attr not supported : Dmpu
2024-12-20 04:03:17,723 [ERROR] ConditionMgr:805 - Attr not supported : Dmpu
2024-12-20 04:03:17,723 [ERROR] ConditionMgr:805 - Attr not supported : Dmpu
2024-12-20 04:03:17,723 [ERROR] ConditionMgr:805 - Attr not supported : Dmpu
2024-12-20 04:03:17,723 [ERROR] ConditionMgr:805 - Attr not supported : Dmpu
2024-12-20 04:03:17,723 [ERROR] ConditionMgr:805 - Attr not supported : Dmpu
2024-12-20 04:03:17,723 [ERROR] ConditionMgr:805 - Attr not supported : Dmpu
2024-12-20 04:03:17,723 [ERROR] ConditionMgr:805 - Attr not supported : Dmpu
2024-12-20 04:03:17,723 [ERROR] ConditionMgr:805 - Attr not supported : Dmpu
2024-12-20 04:03:17,724 [ERROR] ConditionMgr:805 - Attr not supported : Dmpu
2024-12-20 04:03:17,724 [ERROR] ConditionMgr:805 - Attr not supported : Dmpu
2024-12-20 04:03:17,724 [ERROR] ConditionMgr:805 - Attr not supported : Dmpu
2024-12-20 04:03:17,724 [ERROR] ConditionMgr:805 - Attr not supported : Dmpu
2024-12-20 04:03:17,724 [ERROR] ConditionMgr:805 - Attr not supported : Dmpu
2024-12-20 04:03:17,724 [ERROR] ConditionMgr:805 - Attr not supported : Dmpu
2024-12-20 04:03:17,724 [ERROR] ConditionMgr:805 - Attr not supported : Dmpu
2024-12-20 04:03:17,724 [ERROR] ConditionMgr:805 - Attr not supported : Dmpu
2024-12-20 04:03:17,724 [ERROR] ConditionMgr:805 - Attr not supported : Dmpu
2024-12-20 04:03:17,724 [ERROR] ConditionMgr:805 - Attr not supported : Dmpu
2024-12-20 04:03:17,724 [ERROR] ConditionMgr:805 - Attr not supported : Dmpu
2024-12-20 04:03:17,724 [ERROR] ConditionMgr:805 - Attr not supported : Dmpu
2024-12-20 04:03:17,724 [ERROR] ConditionMgr:805 - Attr not supported : Dmpu
2024-12-20 04:03:17,725 [ERROR] ConditionMgr:805 - Attr not supported : Dmpu
2024-12-20 04:03:17,725 [ERROR] ConditionMgr:805 - Attr not supported : Dmpu
2024-12-20 04:03:17,725 [ERROR] ConditionMgr:805 - Attr not supported : Dmpu
2024-12-20 04:03:17,725 [ERROR] ConditionMgr:805 - Attr not supported : Dmpu
2024-12-20 04:03:17,725 [ERROR] ConditionMgr:805 - Attr not supported : Dmpu
2024-12-20 04:03:17,725 [ERROR] ConditionMgr:805 - Attr not supported : Dmpu
2024-12-20 04:03:17,725 [ERROR] ConditionMgr:805 - Attr not supported : Dmpu
2024-12-20 04:03:17,725 [ERROR] ConditionMgr:805 - Attr not supported : Dmpu
2024-12-20 04:03:17,725 [ERROR] ConditionMgr:805 - Attr not supported : Dmpu
2024-12-20 04:03:17,725 [ERROR] ConditionMgr:805 - Attr not supported : Dmpu
2024-12-20 04:03:17,725 [ERROR] ConditionMgr:805 - Attr not supported : Dmpu
2024-12-20 04:03:17,726 [ERROR] ConditionMgr:805 - Attr not supported : Dmpu
2024-12-20 04:03:17,731 [ERROR] Engine:466 - /home/omen/.stm32cubemx/thirdparties/pdsc/STMicroelectronics.X-CUBE-TCPP.4.2.0.pdsc: PDSC version is not supported
2024-12-20 04:03:17,736 [WARN] PackLoader:240 - Cannot read IP mode file for RealThread.X-CUBE-RT-Thread_Nano.4.1.1
2024-12-20 04:03:17,741 [WARN] PackLoader:240 - Cannot read IP mode file for STMicroelectronics.FP-ATR-SIGFOX1.3.2.0
2024-12-20 04:03:17,746 [WARN] PackLoader:240 - Cannot read IP mode file for wolfSSL.I-CUBE-wolfSSL.5.7.2
2024-12-20 04:03:17,751 [WARN] ConditionMgr:438 - getConditionDescription Invalid condition id : Cortex-A Device cause : null
2024-12-20 04:03:17,765 [WARN] ConditionMgr:1039 - genDependencies : Invalid condition id : Cortex-A Device cause : null
2024-12-20 04:03:17,765 [WARN] ConditionMgr:1039 - genDependencies : Invalid condition id : Cortex-A Device cause : null
2024-12-20 04:03:17,765 [WARN] ConditionMgr:1039 - genDependencies : Invalid condition id : Cortex-A Device cause : null
2024-12-20 04:03:17,773 [WARN] PackLoader:240 - Cannot read IP mode file for STMicroelectronics.X-CUBE-EEPRMA1.5.1.0
2024-12-20 04:03:17,784 [WARN] PackLoader:240 - Cannot read IP mode file for ITTIA_DB.I-CUBE-ITTIADB.8.9.0
2024-12-20 04:03:17,837 [WARN] PackLoader:240 - Cannot read IP mode file for SEGGER.I-CUBE-embOS.1.3.1
2024-12-20 04:03:17,900 [WARN] PackLoader:240 - Cannot read IP mode file for STMicroelectronics.X-CUBE-ALGOBUILD.1.4.0
2024-12-20 04:03:17,904 [WARN] PackLoader:240 - Cannot read IP mode file for STMicroelectronics.X-CUBE-AI.9.1.0
2024-12-20 04:03:17,925 [WARN] PackLoader:240 - Cannot read IP mode file for STMicroelectronics.X-CUBE-AZRTOS-F4.1.1.0
2024-12-20 04:03:17,932 [WARN] PackLoader:240 - Cannot read IP mode file for STMicroelectronics.X-CUBE-ISPU.2.1.0
2024-12-20 04:03:17,939 [WARN] PackLoader:240 - Cannot read IP mode file for STMicroelectronics.X-CUBE-FREERTOS.1.2.0
2024-12-20 04:03:17,960 [WARN] PackLoader:240 - Cannot read IP mode file for STMicroelectronics.X-CUBE-AZRTOS-L5.2.0.0
2024-12-20 04:03:17,970 [WARN] PackLoader:240 - Cannot read IP mode file for STMicroelectronics.X-CUBE-NFC6.3.1.0
2024-12-20 04:03:17,977 [WARN] PackLoader:240 - Cannot read IP mode file for STMicroelectronics.X-CUBE-DPower.1.2.0
2024-12-20 04:03:17,982 [WARN] PackLoader:240 - Cannot read IP mode file for STMicroelectronics.X-CUBE-AI.9.0.0
2024-12-20 04:03:17,987 [WARN] PackLoader:240 - Cannot read IP mode file for STMicroelectronics.X-CUBE-NFC7.1.0.1
2024-12-20 04:03:18,015 [WARN] ConditionMgr:438 - getConditionDescription Invalid condition id : LAN8742 Phy interface Condition cause : null
2024-12-20 04:03:18,016 [WARN] PackLoader:240 - Cannot read IP mode file for STMicroelectronics.X-CUBE-AZRTOS-L4.2.0.0
2024-12-20 04:03:18,017 [WARN] ConditionMgr:1039 - genDependencies : Invalid condition id : LAN8742 Phy interface Condition cause : null
2024-12-20 04:03:18,018 [WARN] ConditionMgr:1039 - genDependencies : Invalid condition id : LAN8742 Phy interface Condition cause : null
2024-12-20 04:03:18,019 [WARN] ConditionMgr:1039 - genDependencies : Invalid condition id : LAN8742 Phy interface Condition cause : null
2024-12-20 04:03:18,027 [WARN] PackLoader:240 - Cannot read IP mode file for STMicroelectronics.X-CUBE-SFXS2LP1.4.0.0
2024-12-20 04:03:18,055 [WARN] PackLoader:240 - Cannot read IP mode file for STMicroelectronics.X-CUBE-AZRTOS-H7.3.3.0
2024-12-20 04:03:18,072 [WARN] PackLoader:240 - Cannot read IP mode file for STMicroelectronics.X-CUBE-IPS.3.0.0
2024-12-20 04:03:18,093 [WARN] ConditionMgr:438 - getConditionDescription Invalid condition id : UX DEVICE CLASS RTOS Condition cause : null
2024-12-20 04:03:18,093 [WARN] ConditionMgr:438 - getConditionDescription Invalid condition id : UX DEVICE CLASS RTOS Condition cause : null
2024-12-20 04:03:18,097 [WARN] PackLoader:240 - Cannot read IP mode file for STMicroelectronics.X-CUBE-AZRTOS-WB.2.0.0
2024-12-20 04:03:18,097 [WARN] ConditionMgr:1039 - genDependencies : Invalid condition id : UX DEVICE CLASS RTOS Condition cause : null
2024-12-20 04:03:18,098 [WARN] ConditionMgr:1039 - genDependencies : Invalid condition id : UX DEVICE CLASS RTOS Condition cause : null
2024-12-20 04:03:18,099 [WARN] ConditionMgr:1039 - genDependencies : Invalid condition id : UX DEVICE CLASS RTOS Condition cause : null
2024-12-20 04:03:18,099 [WARN] ConditionMgr:1039 - genDependencies : Invalid condition id : UX DEVICE CLASS RTOS Condition cause : null
2024-12-20 04:03:18,099 [WARN] ConditionMgr:1039 - genDependencies : Invalid condition id : UX DEVICE CLASS RTOS Condition cause : null
2024-12-20 04:03:18,105 [WARN] PackLoader:240 - Cannot read IP mode file for STMicroelectronics.X-CUBE-GNSS1.7.0.0
2024-12-20 04:03:18,112 [WARN] PackLoader:240 - Cannot read IP mode file for STMicroelectronics.X-CUBE-GNSS1.7.0.1
2024-12-20 04:03:18,120 [WARN] PackLoader:240 - Cannot read IP mode file for STMicroelectronics.FP-SNS-STBOX1.2.0.0
2024-12-20 04:03:18,135 [WARN] PackLoader:240 - Cannot read IP mode file for STMicroelectronics.X-CUBE-SUBG2.5.0.0
2024-12-20 04:03:18,145 [WARN] PackLoader:240 - Cannot read IP mode file for Cesanta.I-CUBE-Mongoose.7.13.0
2024-12-20 04:03:18,160 [WARN] PackLoader:240 - Cannot read IP mode file for STMicroelectronics.X-CUBE-AZRTOS-G4.2.0.0
2024-12-20 04:03:18,166 [WARN] PackLoader:240 - Cannot read IP mode file for STMicroelectronics.X-CUBE-ALS.1.0.2
2024-12-20 04:03:18,170 [WARN] PackLoader:240 - Cannot read IP mode file for STMicroelectronics.X-CUBE-TOUCHGFX.4.24.0
2024-12-20 04:03:18,172 [WARN] PackLoader:240 - Cannot read IP mode file for STMicroelectronics.X-CUBE-TOUCHGFX.4.24.1
2024-12-20 04:03:18,175 [WARN] PackLoader:240 - Cannot read IP mode file for wolfSSL.I-CUBE-wolfTPM.3.4.0
2024-12-20 04:03:18,181 [WARN] PackLoader:240 - Cannot read IP mode file for portGmbH.I-Cube-SoM-uGOAL.1.1.0
2024-12-20 04:03:18,200 [WARN] PackLoader:240 - Cannot read IP mode file for STMicroelectronics.X-CUBE-AZRTOS-H7RS.1.0.0
2024-12-20 04:03:18,205 [WARN] PackLoader:240 - Cannot read IP mode file for STMicroelectronics.FP-ATR-ASTRA1.2.0.0
2024-12-20 04:03:18,214 [WARN] PackLoader:240 - Cannot read IP mode file for STMicroelectronics.X-CUBE-TOF1.3.4.2
2024-12-20 04:03:18,243 [WARN] PackLoader:240 - Cannot read IP mode file for Infineon.AIROC-Wi-Fi-Bluetooth-STM32.1.6.1
2024-12-20 04:03:18,249 [WARN] PackLoader:240 - Cannot read IP mode file for wolfSSL.I-CUBE-wolfSSH.1.4.17
2024-12-20 04:03:18,249 [INFO] ThirdParty:978 - Integrity check success = true
2024-12-20 04:03:18,249 [INFO] IntegrityCheckThread:100 - exiting critical section [integrity check]
2024-12-20 04:03:18,249 [INFO] IntegrityCheckThread:103 - End integrity checks thread
